2024-11-28 17:02:25,413 - Iniciando monitoramento de carga do servidor
2024-11-28 19:50:50,741 - Alta carga detectada, iniciando contagem
2024-11-28 19:52:50,835 - Alta carga por 2 minutos, acionando proteção
2024-11-28 19:52:51,070 - Comando executado: killall lsphp
2024-11-28 19:52:51,575 - Comando executado: service lshttpd stop
2024-11-28 19:52:51,575 - Aguardando carga reduzir abaixo de 2
2024-11-28 19:52:56,575 - Aguardando carga reduzir abaixo de 2
2024-11-28 19:53:01,576 - Aguardando carga reduzir abaixo de 2
2024-11-28 19:53:06,576 - Aguardando carga reduzir abaixo de 2
2024-11-28 19:53:11,576 - Aguardando carga reduzir abaixo de 2
2024-11-28 19:53:16,576 - Aguardando carga reduzir abaixo de 2
2024-11-28 19:53:21,577 - Aguardando carga reduzir abaixo de 2
2024-11-28 19:53:26,577 - Aguardando carga reduzir abaixo de 2
2024-11-28 19:53:31,577 - Aguardando carga reduzir abaixo de 2
2024-11-28 19:53:36,577 - Aguardando carga reduzir abaixo de 2
2024-11-28 19:53:41,578 - Aguardando carga reduzir abaixo de 2
2024-11-28 19:53:46,578 - Aguardando carga reduzir abaixo de 2
2024-11-28 19:53:51,578 - Aguardando carga reduzir abaixo de 2
2024-11-28 19:53:56,578 - Aguardando carga reduzir abaixo de 2
2024-11-28 19:54:01,579 - Aguardando carga reduzir abaixo de 2
2024-11-28 19:54:06,579 - Aguardando carga reduzir abaixo de 2
2024-11-28 19:54:11,579 - Aguardando carga reduzir abaixo de 2
2024-11-28 19:54:16,579 - Aguardando carga reduzir abaixo de 2
2024-11-28 19:54:21,580 - Aguardando carga reduzir abaixo de 2
2024-11-28 19:54:26,580 - Aguardando carga reduzir abaixo de 2
2024-11-28 19:54:31,580 - Aguardando carga reduzir abaixo de 2
2024-11-28 19:54:36,580 - Aguardando carga reduzir abaixo de 2
2024-11-28 19:54:41,581 - Aguardando carga reduzir abaixo de 2
2024-11-28 19:54:46,581 - Aguardando carga reduzir abaixo de 2
2024-11-28 19:54:51,581 - Aguardando carga reduzir abaixo de 2
2024-11-28 19:54:56,581 - Aguardando carga reduzir abaixo de 2
2024-11-28 19:55:01,582 - Aguardando carga reduzir abaixo de 2
2024-11-28 19:55:06,582 - Aguardando carga reduzir abaixo de 2
2024-11-28 19:55:11,582 - Tentando reiniciar serviços
2024-11-28 19:55:13,683 - Comando executado: systemctl start lshttpd
2024-11-28 19:55:13,695 - Comando executado: systemctl restart ids.service
2024-11-28 19:55:18,695 - Serviços reiniciados com sucesso
2024-11-28 22:27:20,977 - Alta carga detectada, iniciando contagem
2024-11-28 22:29:20,987 - Alta carga por 2 minutos, acionando proteção
2024-11-28 22:29:21,252 - Comando executado: killall lsphp
2024-11-28 22:29:21,725 - Comando executado: service lshttpd stop
2024-11-28 22:29:21,725 - Aguardando carga reduzir abaixo de 2
2024-11-28 22:29:26,725 - Aguardando carga reduzir abaixo de 2
2024-11-28 22:29:31,726 - Aguardando carga reduzir abaixo de 2
2024-11-28 22:29:36,731 - Aguardando carga reduzir abaixo de 2
2024-11-28 22:29:41,731 - Aguardando carga reduzir abaixo de 2
2024-11-28 22:29:46,731 - Aguardando carga reduzir abaixo de 2
2024-11-28 22:29:51,731 - Aguardando carga reduzir abaixo de 2
2024-11-28 22:29:56,732 - Aguardando carga reduzir abaixo de 2
2024-11-28 22:30:01,732 - Aguardando carga reduzir abaixo de 2
2024-11-28 22:30:06,732 - Aguardando carga reduzir abaixo de 2
2024-11-28 22:30:11,732 - Aguardando carga reduzir abaixo de 2
2024-11-28 22:30:16,733 - Aguardando carga reduzir abaixo de 2
2024-11-28 22:30:21,733 - Aguardando carga reduzir abaixo de 2
2024-11-28 22:30:26,733 - Aguardando carga reduzir abaixo de 2
2024-11-28 22:30:31,733 - Aguardando carga reduzir abaixo de 2
2024-11-28 22:30:36,733 - Aguardando carga reduzir abaixo de 2
2024-11-28 22:30:41,734 - Aguardando carga reduzir abaixo de 2
2024-11-28 22:30:46,734 - Aguardando carga reduzir abaixo de 2
2024-11-28 22:30:51,734 - Aguardando carga reduzir abaixo de 2
2024-11-28 22:30:56,734 - Aguardando carga reduzir abaixo de 2
2024-11-28 22:31:01,735 - Aguardando carga reduzir abaixo de 2
2024-11-28 22:31:06,735 - Aguardando carga reduzir abaixo de 2
2024-11-28 22:31:11,735 - Aguardando carga reduzir abaixo de 2
2024-11-28 22:31:16,735 - Aguardando carga reduzir abaixo de 2
2024-11-28 22:31:21,736 - Aguardando carga reduzir abaixo de 2
2024-11-28 22:31:26,736 - Aguardando carga reduzir abaixo de 2
2024-11-28 22:31:31,736 - Aguardando carga reduzir abaixo de 2
2024-11-28 22:31:36,736 - Aguardando carga reduzir abaixo de 2
2024-11-28 22:31:41,737 - Aguardando carga reduzir abaixo de 2
2024-11-28 22:31:46,737 - Tentando reiniciar serviços
2024-11-28 22:31:48,836 - Comando executado: systemctl start lshttpd
2024-11-28 22:31:48,849 - Comando executado: systemctl restart ids.service
2024-11-28 22:31:53,849 - Serviços reiniciados com sucesso
2024-11-29 00:02:53,019 - Alta carga detectada, iniciando contagem
2024-11-29 00:04:53,029 - Alta carga por 2 minutos, acionando proteção
2024-11-29 00:04:53,102 - Comando executado: killall lsphp
2024-11-29 00:04:53,342 - Comando executado: service lshttpd stop
2024-11-29 00:04:53,342 - Aguardando carga reduzir abaixo de 2
2024-11-29 00:04:58,342 - Aguardando carga reduzir abaixo de 2
2024-11-29 00:05:03,342 - Aguardando carga reduzir abaixo de 2
2024-11-29 00:05:08,343 - Aguardando carga reduzir abaixo de 2
2024-11-29 00:05:13,343 - Aguardando carga reduzir abaixo de 2
2024-11-29 00:05:18,343 - Aguardando carga reduzir abaixo de 2
2024-11-29 00:05:23,343 - Aguardando carga reduzir abaixo de 2
2024-11-29 00:05:28,344 - Aguardando carga reduzir abaixo de 2
2024-11-29 00:05:33,344 - Aguardando carga reduzir abaixo de 2
2024-11-29 00:05:38,344 - Aguardando carga reduzir abaixo de 2
2024-11-29 00:05:43,345 - Aguardando carga reduzir abaixo de 2
2024-11-29 00:05:48,345 - Aguardando carga reduzir abaixo de 2
2024-11-29 00:05:53,345 - Aguardando carga reduzir abaixo de 2
2024-11-29 00:05:58,345 - Aguardando carga reduzir abaixo de 2
2024-11-29 00:06:03,346 - Aguardando carga reduzir abaixo de 2
2024-11-29 00:06:08,346 - Aguardando carga reduzir abaixo de 2
2024-11-29 00:06:13,347 - Aguardando carga reduzir abaixo de 2
2024-11-29 00:06:18,347 - Aguardando carga reduzir abaixo de 2
2024-11-29 00:06:23,347 - Aguardando carga reduzir abaixo de 2
2024-11-29 00:06:28,348 - Aguardando carga reduzir abaixo de 2
2024-11-29 00:06:33,348 - Aguardando carga reduzir abaixo de 2
2024-11-29 00:06:38,348 - Aguardando carga reduzir abaixo de 2
2024-11-29 00:06:43,351 - Aguardando carga reduzir abaixo de 2
2024-11-29 00:06:48,351 - Aguardando carga reduzir abaixo de 2
2024-11-29 00:06:53,351 - Aguardando carga reduzir abaixo de 2
2024-11-29 00:06:58,352 - Aguardando carga reduzir abaixo de 2
2024-11-29 00:07:03,352 - Aguardando carga reduzir abaixo de 2
2024-11-29 00:07:08,352 - Aguardando carga reduzir abaixo de 2
2024-11-29 00:07:13,352 - Aguardando carga reduzir abaixo de 2
2024-11-29 00:07:18,353 - Aguardando carga reduzir abaixo de 2
2024-11-29 00:07:23,353 - Aguardando carga reduzir abaixo de 2
2024-11-29 00:07:28,354 - Aguardando carga reduzir abaixo de 2
2024-11-29 00:07:33,354 - Aguardando carga reduzir abaixo de 2
2024-11-29 00:07:38,361 - Aguardando carga reduzir abaixo de 2
2024-11-29 00:07:43,362 - Aguardando carga reduzir abaixo de 2
2024-11-29 00:07:48,362 - Aguardando carga reduzir abaixo de 2
2024-11-29 00:07:53,362 - Aguardando carga reduzir abaixo de 2
2024-11-29 00:07:58,362 - Aguardando carga reduzir abaixo de 2
2024-11-29 00:08:03,363 - Aguardando carga reduzir abaixo de 2
2024-11-29 00:08:08,363 - Aguardando carga reduzir abaixo de 2
2024-11-29 00:08:13,363 - Aguardando carga reduzir abaixo de 2
2024-11-29 00:08:18,364 - Aguardando carga reduzir abaixo de 2
2024-11-29 00:08:23,364 - Aguardando carga reduzir abaixo de 2
2024-11-29 00:08:28,364 - Aguardando carga reduzir abaixo de 2
2024-11-29 00:08:33,365 - Aguardando carga reduzir abaixo de 2
2024-11-29 00:08:38,365 - Aguardando carga reduzir abaixo de 2
2024-11-29 00:08:43,365 - Aguardando carga reduzir abaixo de 2
2024-11-29 00:08:48,365 - Aguardando carga reduzir abaixo de 2
2024-11-29 00:08:53,366 - Aguardando carga reduzir abaixo de 2
2024-11-29 00:08:58,366 - Aguardando carga reduzir abaixo de 2
2024-11-29 00:09:03,366 - Aguardando carga reduzir abaixo de 2
2024-11-29 00:09:08,366 - Aguardando carga reduzir abaixo de 2
2024-11-29 00:09:13,366 - Aguardando carga reduzir abaixo de 2
2024-11-29 00:09:18,367 - Aguardando carga reduzir abaixo de 2
2024-11-29 00:09:23,367 - Aguardando carga reduzir abaixo de 2
2024-11-29 00:09:28,367 - Aguardando carga reduzir abaixo de 2
2024-11-29 00:09:33,367 - Aguardando carga reduzir abaixo de 2
2024-11-29 00:09:38,368 - Aguardando carga reduzir abaixo de 2
2024-11-29 00:09:43,368 - Aguardando carga reduzir abaixo de 2
2024-11-29 00:09:48,368 - Aguardando carga reduzir abaixo de 2
2024-11-29 00:09:53,368 - Aguardando carga reduzir abaixo de 2
2024-11-29 00:09:58,369 - Aguardando carga reduzir abaixo de 2
2024-11-29 00:10:03,369 - Aguardando carga reduzir abaixo de 2
2024-11-29 00:10:08,369 - Aguardando carga reduzir abaixo de 2
2024-11-29 00:10:13,370 - Aguardando carga reduzir abaixo de 2
2024-11-29 00:10:18,370 - Aguardando carga reduzir abaixo de 2
2024-11-29 00:10:23,370 - Aguardando carga reduzir abaixo de 2
2024-11-29 00:10:28,370 - Aguardando carga reduzir abaixo de 2
2024-11-29 00:10:33,370 - Aguardando carga reduzir abaixo de 2
2024-11-29 00:10:38,371 - Aguardando carga reduzir abaixo de 2
2024-11-29 00:10:43,371 - Aguardando carga reduzir abaixo de 2
2024-11-29 00:10:48,371 - Aguardando carga reduzir abaixo de 2
2024-11-29 00:10:53,371 - Aguardando carga reduzir abaixo de 2
2024-11-29 00:10:58,372 - Aguardando carga reduzir abaixo de 2
2024-11-29 00:11:03,373 - Aguardando carga reduzir abaixo de 2
2024-11-29 00:11:08,373 - Aguardando carga reduzir abaixo de 2
2024-11-29 00:11:13,373 - Aguardando carga reduzir abaixo de 2
2024-11-29 00:11:18,373 - Aguardando carga reduzir abaixo de 2
2024-11-29 00:11:23,374 - Aguardando carga reduzir abaixo de 2
2024-11-29 00:11:28,374 - Aguardando carga reduzir abaixo de 2
2024-11-29 00:11:33,374 - Aguardando carga reduzir abaixo de 2
2024-11-29 00:11:38,374 - Aguardando carga reduzir abaixo de 2
2024-11-29 00:11:43,375 - Aguardando carga reduzir abaixo de 2
2024-11-29 00:11:48,375 - Aguardando carga reduzir abaixo de 2
2024-11-29 00:11:53,375 - Aguardando carga reduzir abaixo de 2
2024-11-29 00:11:58,375 - Aguardando carga reduzir abaixo de 2
2024-11-29 00:12:03,380 - Aguardando carga reduzir abaixo de 2
2024-11-29 00:12:08,380 - Aguardando carga reduzir abaixo de 2
2024-11-29 00:12:13,380 - Aguardando carga reduzir abaixo de 2
2024-11-29 00:12:18,381 - Aguardando carga reduzir abaixo de 2
2024-11-29 00:12:23,387 - Aguardando carga reduzir abaixo de 2
2024-11-29 00:12:28,387 - Aguardando carga reduzir abaixo de 2
2024-11-29 00:12:33,387 - Aguardando carga reduzir abaixo de 2
2024-11-29 00:12:38,388 - Aguardando carga reduzir abaixo de 2
2024-11-29 00:12:43,388 - Aguardando carga reduzir abaixo de 2
2024-11-29 00:12:48,388 - Aguardando carga reduzir abaixo de 2
2024-11-29 00:12:53,388 - Aguardando carga reduzir abaixo de 2
2024-11-29 00:12:58,388 - Aguardando carga reduzir abaixo de 2
2024-11-29 00:13:03,389 - Aguardando carga reduzir abaixo de 2
2024-11-29 00:13:08,389 - Aguardando carga reduzir abaixo de 2
2024-11-29 00:13:13,389 - Aguardando carga reduzir abaixo de 2
2024-11-29 00:13:18,391 - Aguardando carga reduzir abaixo de 2
2024-11-29 00:13:23,398 - Aguardando carga reduzir abaixo de 2
2024-11-29 00:13:28,398 - Aguardando carga reduzir abaixo de 2
2024-11-29 00:13:33,398 - Aguardando carga reduzir abaixo de 2
2024-11-29 00:13:38,399 - Aguardando carga reduzir abaixo de 2
2024-11-29 00:13:43,399 - Aguardando carga reduzir abaixo de 2
2024-11-29 00:13:48,400 - Aguardando carga reduzir abaixo de 2
2024-11-29 00:13:53,400 - Aguardando carga reduzir abaixo de 2
2024-11-29 00:13:58,400 - Aguardando carga reduzir abaixo de 2
2024-11-29 00:14:03,400 - Aguardando carga reduzir abaixo de 2
2024-11-29 00:14:08,401 - Aguardando carga reduzir abaixo de 2
2024-11-29 00:14:13,401 - Aguardando carga reduzir abaixo de 2
2024-11-29 00:14:18,401 - Aguardando carga reduzir abaixo de 2
2024-11-29 00:14:23,401 - Aguardando carga reduzir abaixo de 2
2024-11-29 00:14:28,402 - Aguardando carga reduzir abaixo de 2
2024-11-29 00:14:33,402 - Aguardando carga reduzir abaixo de 2
2024-11-29 00:14:38,402 - Aguardando carga reduzir abaixo de 2
2024-11-29 00:14:43,402 - Aguardando carga reduzir abaixo de 2
2024-11-29 00:14:48,403 - Aguardando carga reduzir abaixo de 2
2024-11-29 00:14:53,404 - Aguardando carga reduzir abaixo de 2
2024-11-29 00:14:58,404 - Aguardando carga reduzir abaixo de 2
2024-11-29 00:15:03,404 - Aguardando carga reduzir abaixo de 2
2024-11-29 00:15:08,405 - Aguardando carga reduzir abaixo de 2
2024-11-29 00:15:13,405 - Aguardando carga reduzir abaixo de 2
2024-11-29 00:15:18,405 - Aguardando carga reduzir abaixo de 2
2024-11-29 00:15:23,405 - Aguardando carga reduzir abaixo de 2
2024-11-29 00:15:28,406 - Aguardando carga reduzir abaixo de 2
2024-11-29 00:15:33,406 - Aguardando carga reduzir abaixo de 2
2024-11-29 00:15:38,406 - Aguardando carga reduzir abaixo de 2
2024-11-29 00:15:43,412 - Aguardando carga reduzir abaixo de 2
2024-11-29 00:15:48,412 - Aguardando carga reduzir abaixo de 2
2024-11-29 00:15:53,413 - Aguardando carga reduzir abaixo de 2
2024-11-29 00:15:58,413 - Aguardando carga reduzir abaixo de 2
2024-11-29 00:16:03,413 - Aguardando carga reduzir abaixo de 2
2024-11-29 00:16:08,413 - Aguardando carga reduzir abaixo de 2
2024-11-29 00:16:13,414 - Aguardando carga reduzir abaixo de 2
2024-11-29 00:16:18,414 - Aguardando carga reduzir abaixo de 2
2024-11-29 00:16:23,414 - Aguardando carga reduzir abaixo de 2
2024-11-29 00:16:28,414 - Aguardando carga reduzir abaixo de 2
2024-11-29 00:16:33,415 - Aguardando carga reduzir abaixo de 2
2024-11-29 00:16:38,415 - Aguardando carga reduzir abaixo de 2
2024-11-29 00:16:43,415 - Aguardando carga reduzir abaixo de 2
2024-11-29 00:16:48,415 - Aguardando carga reduzir abaixo de 2
2024-11-29 00:16:53,416 - Aguardando carga reduzir abaixo de 2
2024-11-29 00:16:58,416 - Aguardando carga reduzir abaixo de 2
2024-11-29 00:17:03,416 - Aguardando carga reduzir abaixo de 2
2024-11-29 00:17:08,416 - Aguardando carga reduzir abaixo de 2
2024-11-29 00:17:13,417 - Aguardando carga reduzir abaixo de 2
2024-11-29 00:17:18,417 - Aguardando carga reduzir abaixo de 2
2024-11-29 00:17:23,417 - Aguardando carga reduzir abaixo de 2
2024-11-29 00:17:28,417 - Aguardando carga reduzir abaixo de 2
2024-11-29 00:17:33,419 - Aguardando carga reduzir abaixo de 2
2024-11-29 00:17:38,419 - Aguardando carga reduzir abaixo de 2
2024-11-29 00:17:43,419 - Aguardando carga reduzir abaixo de 2
2024-11-29 00:17:48,420 - Aguardando carga reduzir abaixo de 2
2024-11-29 00:17:53,420 - Aguardando carga reduzir abaixo de 2
2024-11-29 00:17:58,420 - Aguardando carga reduzir abaixo de 2
2024-11-29 00:18:03,420 - Tentando reiniciar serviços
2024-11-29 00:18:06,463 - Comando executado: systemctl start lshttpd
2024-11-29 00:18:06,476 - Comando executado: systemctl restart ids.service
2024-11-29 00:18:11,477 - Serviços reiniciados com sucesso
2024-11-29 12:58:22,894 - Alta carga detectada, iniciando contagem
2024-11-29 13:18:57,124 - Alta carga detectada, iniciando contagem
2024-11-30 14:33:09,926 - Alta carga detectada, iniciando contagem
2024-12-02 17:31:22,964 - Alta carga detectada, iniciando contagem
2024-12-02 17:33:22,987 - Alta carga por 2 minutos, acionando proteção
2024-12-02 17:33:25,536 - Comando executado: killall lsphp
2024-12-02 17:33:27,045 - Comando executado: service lshttpd stop
2024-12-02 17:33:27,045 - Aguardando carga reduzir abaixo de 2
2024-12-02 17:33:32,045 - Aguardando carga reduzir abaixo de 2
2024-12-02 17:33:37,046 - Aguardando carga reduzir abaixo de 2
2024-12-02 17:33:42,046 - Aguardando carga reduzir abaixo de 2
2024-12-02 17:33:47,046 - Aguardando carga reduzir abaixo de 2
2024-12-02 17:33:52,046 - Aguardando carga reduzir abaixo de 2
2024-12-02 17:33:57,046 - Aguardando carga reduzir abaixo de 2
2024-12-02 17:34:02,047 - Aguardando carga reduzir abaixo de 2
2024-12-02 17:34:07,047 - Aguardando carga reduzir abaixo de 2
2024-12-02 17:34:12,047 - Aguardando carga reduzir abaixo de 2
2024-12-02 17:34:17,047 - Aguardando carga reduzir abaixo de 2
2024-12-02 17:34:22,048 - Aguardando carga reduzir abaixo de 2
2024-12-02 17:34:27,048 - Aguardando carga reduzir abaixo de 2
2024-12-02 17:34:32,048 - Aguardando carga reduzir abaixo de 2
2024-12-02 17:34:37,048 - Aguardando carga reduzir abaixo de 2
2024-12-02 17:34:42,048 - Aguardando carga reduzir abaixo de 2
2024-12-02 17:34:47,049 - Aguardando carga reduzir abaixo de 2
2024-12-02 17:34:52,049 - Aguardando carga reduzir abaixo de 2
2024-12-02 17:34:57,049 - Aguardando carga reduzir abaixo de 2
2024-12-02 17:35:02,049 - Aguardando carga reduzir abaixo de 2
2024-12-02 17:35:07,050 - Aguardando carga reduzir abaixo de 2
2024-12-02 17:35:12,050 - Aguardando carga reduzir abaixo de 2
2024-12-02 17:35:17,050 - Aguardando carga reduzir abaixo de 2
2024-12-02 17:35:22,050 - Aguardando carga reduzir abaixo de 2
2024-12-02 17:35:27,051 - Tentando reiniciar serviços
2024-12-02 17:35:29,212 - Comando executado: systemctl start lshttpd
2024-12-02 17:35:29,226 - Comando executado: systemctl restart ids.service
2024-12-02 17:35:34,227 - Serviços reiniciados com sucesso
2024-12-02 18:01:08,300 - Alta carga detectada, iniciando contagem
2024-12-02 18:03:08,348 - Alta carga por 2 minutos, acionando proteção
2024-12-02 18:03:08,361 - Comando executado: killall lsphp
2024-12-02 18:03:09,209 - Comando executado: service lshttpd stop
2024-12-02 18:03:09,209 - Aguardando carga reduzir abaixo de 2
2024-12-02 18:03:14,209 - Aguardando carga reduzir abaixo de 2
2024-12-02 18:03:19,209 - Aguardando carga reduzir abaixo de 2
2024-12-02 18:03:24,209 - Aguardando carga reduzir abaixo de 2
2024-12-02 18:03:29,210 - Aguardando carga reduzir abaixo de 2
2024-12-02 18:03:34,210 - Aguardando carga reduzir abaixo de 2
2024-12-02 18:03:39,210 - Aguardando carga reduzir abaixo de 2
2024-12-02 18:03:44,210 - Aguardando carga reduzir abaixo de 2
2024-12-02 18:03:49,211 - Aguardando carga reduzir abaixo de 2
2024-12-02 18:03:54,211 - Aguardando carga reduzir abaixo de 2
2024-12-02 18:03:59,211 - Aguardando carga reduzir abaixo de 2
2024-12-02 18:04:04,211 - Aguardando carga reduzir abaixo de 2
2024-12-02 18:04:09,212 - Aguardando carga reduzir abaixo de 2
2024-12-02 18:04:14,212 - Aguardando carga reduzir abaixo de 2
2024-12-02 18:04:19,212 - Aguardando carga reduzir abaixo de 2
2024-12-02 18:04:24,212 - Aguardando carga reduzir abaixo de 2
2024-12-02 18:04:29,213 - Aguardando carga reduzir abaixo de 2
2024-12-02 18:04:34,213 - Aguardando carga reduzir abaixo de 2
2024-12-02 18:04:39,213 - Aguardando carga reduzir abaixo de 2
2024-12-02 18:04:44,213 - Aguardando carga reduzir abaixo de 2
2024-12-02 18:04:49,214 - Aguardando carga reduzir abaixo de 2
2024-12-02 18:04:54,214 - Aguardando carga reduzir abaixo de 2
2024-12-02 18:04:59,214 - Aguardando carga reduzir abaixo de 2
2024-12-02 18:05:04,214 - Aguardando carga reduzir abaixo de 2
2024-12-02 18:05:09,214 - Aguardando carga reduzir abaixo de 2
2024-12-02 18:05:14,215 - Aguardando carga reduzir abaixo de 2
2024-12-02 18:05:19,215 - Aguardando carga reduzir abaixo de 2
2024-12-02 18:05:24,215 - Aguardando carga reduzir abaixo de 2
2024-12-02 18:05:29,215 - Aguardando carga reduzir abaixo de 2
2024-12-02 18:05:34,216 - Aguardando carga reduzir abaixo de 2
2024-12-02 18:05:39,216 - Aguardando carga reduzir abaixo de 2
2024-12-02 18:05:44,216 - Tentando reiniciar serviços
2024-12-02 18:05:46,313 - Comando executado: systemctl start lshttpd
2024-12-02 18:05:46,326 - Comando executado: systemctl restart ids.service
2024-12-02 18:05:51,326 - Serviços reiniciados com sucesso
2024-12-02 18:07:28,329 - Alta carga detectada, iniciando contagem
2024-12-02 19:10:13,449 - Alta carga detectada, iniciando contagem
2024-12-02 19:12:13,467 - Alta carga por 2 minutos, acionando proteção
2024-12-02 19:12:13,475 - Comando executado: killall lsphp
2024-12-02 19:12:13,673 - Comando executado: service lshttpd stop
2024-12-02 19:12:13,673 - Aguardando carga reduzir abaixo de 2
2024-12-02 19:12:18,673 - Aguardando carga reduzir abaixo de 2
2024-12-02 19:12:23,674 - Aguardando carga reduzir abaixo de 2
2024-12-02 19:12:28,674 - Aguardando carga reduzir abaixo de 2
2024-12-02 19:12:33,674 - Aguardando carga reduzir abaixo de 2
2024-12-02 19:12:38,674 - Aguardando carga reduzir abaixo de 2
2024-12-02 19:12:43,675 - Aguardando carga reduzir abaixo de 2
2024-12-02 19:12:48,675 - Aguardando carga reduzir abaixo de 2
2024-12-02 19:12:53,675 - Aguardando carga reduzir abaixo de 2
2024-12-02 19:12:58,675 - Aguardando carga reduzir abaixo de 2
2024-12-02 19:13:03,676 - Aguardando carga reduzir abaixo de 2
2024-12-02 19:13:08,676 - Aguardando carga reduzir abaixo de 2
2024-12-02 19:13:13,676 - Aguardando carga reduzir abaixo de 2
2024-12-02 19:13:18,676 - Aguardando carga reduzir abaixo de 2
2024-12-02 19:13:23,677 - Aguardando carga reduzir abaixo de 2
2024-12-02 19:13:28,677 - Aguardando carga reduzir abaixo de 2
2024-12-02 19:13:33,677 - Aguardando carga reduzir abaixo de 2
2024-12-02 19:13:38,677 - Aguardando carga reduzir abaixo de 2
2024-12-02 19:13:43,678 - Aguardando carga reduzir abaixo de 2
2024-12-02 19:13:48,678 - Aguardando carga reduzir abaixo de 2
2024-12-02 19:13:53,678 - Aguardando carga reduzir abaixo de 2
2024-12-02 19:13:58,678 - Aguardando carga reduzir abaixo de 2
2024-12-02 19:14:03,679 - Aguardando carga reduzir abaixo de 2
2024-12-02 19:14:08,679 - Aguardando carga reduzir abaixo de 2
2024-12-02 19:14:13,679 - Aguardando carga reduzir abaixo de 2
2024-12-02 19:14:18,679 - Aguardando carga reduzir abaixo de 2
2024-12-02 19:14:23,680 - Aguardando carga reduzir abaixo de 2
2024-12-02 19:14:28,680 - Aguardando carga reduzir abaixo de 2
2024-12-02 19:14:33,680 - Aguardando carga reduzir abaixo de 2
2024-12-02 19:14:38,680 - Aguardando carga reduzir abaixo de 2
2024-12-02 19:14:43,681 - Aguardando carga reduzir abaixo de 2
2024-12-02 19:14:48,681 - Tentando reiniciar serviços
2024-12-02 19:14:50,783 - Comando executado: systemctl start lshttpd
2024-12-02 19:14:50,795 - Comando executado: systemctl restart ids.service
2024-12-02 19:14:55,795 - Serviços reiniciados com sucesso
2024-12-03 00:02:57,387 - Alta carga detectada, iniciando contagem
2024-12-03 00:04:57,603 - Alta carga por 2 minutos, acionando proteção
2024-12-03 00:04:57,623 - Comando executado: killall lsphp
2024-12-03 00:04:58,428 - Comando executado: service lshttpd stop
2024-12-03 00:04:58,428 - Aguardando carga reduzir abaixo de 2
2024-12-03 00:05:03,428 - Aguardando carga reduzir abaixo de 2
2024-12-03 00:05:08,429 - Aguardando carga reduzir abaixo de 2
2024-12-03 00:05:13,429 - Aguardando carga reduzir abaixo de 2
2024-12-03 00:05:18,429 - Aguardando carga reduzir abaixo de 2
2024-12-03 00:05:23,429 - Aguardando carga reduzir abaixo de 2
2024-12-03 00:05:28,429 - Aguardando carga reduzir abaixo de 2
2024-12-03 00:05:33,430 - Aguardando carga reduzir abaixo de 2
2024-12-03 00:05:38,430 - Aguardando carga reduzir abaixo de 2
2024-12-03 00:05:43,430 - Aguardando carga reduzir abaixo de 2
2024-12-03 00:05:48,430 - Aguardando carga reduzir abaixo de 2
2024-12-03 00:05:53,431 - Aguardando carga reduzir abaixo de 2
2024-12-03 00:05:58,431 - Aguardando carga reduzir abaixo de 2
2024-12-03 00:06:03,431 - Aguardando carga reduzir abaixo de 2
2024-12-03 00:06:08,431 - Aguardando carga reduzir abaixo de 2
2024-12-03 00:06:13,432 - Aguardando carga reduzir abaixo de 2
2024-12-03 00:06:18,432 - Aguardando carga reduzir abaixo de 2
2024-12-03 00:06:23,432 - Aguardando carga reduzir abaixo de 2
2024-12-03 00:06:28,432 - Aguardando carga reduzir abaixo de 2
2024-12-03 00:06:33,433 - Aguardando carga reduzir abaixo de 2
2024-12-03 00:06:38,433 - Aguardando carga reduzir abaixo de 2
2024-12-03 00:06:43,433 - Aguardando carga reduzir abaixo de 2
2024-12-03 00:06:48,433 - Aguardando carga reduzir abaixo de 2
2024-12-03 00:06:53,434 - Aguardando carga reduzir abaixo de 2
2024-12-03 00:06:58,434 - Aguardando carga reduzir abaixo de 2
2024-12-03 00:07:03,434 - Aguardando carga reduzir abaixo de 2
2024-12-03 00:07:08,434 - Aguardando carga reduzir abaixo de 2
2024-12-03 00:07:13,435 - Aguardando carga reduzir abaixo de 2
2024-12-03 00:07:18,435 - Aguardando carga reduzir abaixo de 2
2024-12-03 00:07:23,435 - Aguardando carga reduzir abaixo de 2
2024-12-03 00:07:28,435 - Aguardando carga reduzir abaixo de 2
2024-12-03 00:07:33,435 - Aguardando carga reduzir abaixo de 2
2024-12-03 00:07:38,436 - Tentando reiniciar serviços
2024-12-03 00:07:40,531 - Comando executado: systemctl start lshttpd
2024-12-03 00:07:40,543 - Comando executado: systemctl restart ids.service
2024-12-03 00:07:45,544 - Serviços reiniciados com sucesso
2024-12-03 15:24:48,431 - Alta carga detectada, iniciando contagem
2024-12-03 15:26:48,613 - Alta carga por 2 minutos, acionando proteção
2024-12-03 15:26:48,635 - Comando executado: killall lsphp
2024-12-03 15:26:49,271 - Comando executado: service lshttpd stop
2024-12-03 15:26:49,271 - Aguardando carga reduzir abaixo de 2
2024-12-03 15:26:54,271 - Aguardando carga reduzir abaixo de 2
2024-12-03 15:26:59,271 - Aguardando carga reduzir abaixo de 2
2024-12-03 15:27:04,272 - Aguardando carga reduzir abaixo de 2
2024-12-03 15:27:09,272 - Aguardando carga reduzir abaixo de 2
2024-12-03 15:27:14,272 - Aguardando carga reduzir abaixo de 2
2024-12-03 15:27:19,272 - Aguardando carga reduzir abaixo de 2
2024-12-03 15:27:24,273 - Aguardando carga reduzir abaixo de 2
2024-12-03 15:27:29,273 - Aguardando carga reduzir abaixo de 2
2024-12-03 15:27:34,273 - Aguardando carga reduzir abaixo de 2
2024-12-03 15:27:39,273 - Aguardando carga reduzir abaixo de 2
2024-12-03 15:27:44,274 - Aguardando carga reduzir abaixo de 2
2024-12-03 15:27:49,274 - Aguardando carga reduzir abaixo de 2
2024-12-03 15:27:54,274 - Aguardando carga reduzir abaixo de 2
2024-12-03 15:27:59,274 - Aguardando carga reduzir abaixo de 2
2024-12-03 15:28:04,275 - Aguardando carga reduzir abaixo de 2
2024-12-03 15:28:09,275 - Aguardando carga reduzir abaixo de 2
2024-12-03 15:28:14,275 - Aguardando carga reduzir abaixo de 2
2024-12-03 15:28:19,275 - Aguardando carga reduzir abaixo de 2
2024-12-03 15:28:24,276 - Aguardando carga reduzir abaixo de 2
2024-12-03 15:28:29,276 - Aguardando carga reduzir abaixo de 2
2024-12-03 15:28:34,276 - Aguardando carga reduzir abaixo de 2
2024-12-03 15:28:39,276 - Aguardando carga reduzir abaixo de 2
2024-12-03 15:28:44,277 - Aguardando carga reduzir abaixo de 2
2024-12-03 15:28:49,277 - Aguardando carga reduzir abaixo de 2
2024-12-03 15:28:54,277 - Aguardando carga reduzir abaixo de 2
2024-12-03 15:28:59,277 - Aguardando carga reduzir abaixo de 2
2024-12-03 15:29:04,278 - Aguardando carga reduzir abaixo de 2
2024-12-03 15:29:09,278 - Aguardando carga reduzir abaixo de 2
2024-12-03 15:29:14,278 - Aguardando carga reduzir abaixo de 2
2024-12-03 15:29:19,278 - Aguardando carga reduzir abaixo de 2
2024-12-03 15:29:24,279 - Aguardando carga reduzir abaixo de 2
2024-12-03 15:29:29,279 - Tentando reiniciar serviços
2024-12-03 15:29:31,405 - Comando executado: systemctl start lshttpd
2024-12-03 15:29:31,418 - Comando executado: systemctl restart ids.service
2024-12-03 15:29:36,418 - Serviços reiniciados com sucesso
2024-12-03 17:46:39,719 - Alta carga detectada, iniciando contagem
2024-12-03 17:48:39,928 - Alta carga por 2 minutos, acionando proteção
2024-12-03 17:48:39,968 - Comando executado: killall lsphp
2024-12-03 17:48:40,705 - Comando executado: service lshttpd stop
2024-12-03 17:48:40,705 - Aguardando carga reduzir abaixo de 2
2024-12-03 17:48:45,706 - Aguardando carga reduzir abaixo de 2
2024-12-03 17:48:50,706 - Aguardando carga reduzir abaixo de 2
2024-12-03 17:48:55,706 - Aguardando carga reduzir abaixo de 2
2024-12-03 17:49:00,706 - Aguardando carga reduzir abaixo de 2
2024-12-03 17:49:05,707 - Aguardando carga reduzir abaixo de 2
2024-12-03 17:49:10,707 - Aguardando carga reduzir abaixo de 2
2024-12-03 17:49:15,707 - Aguardando carga reduzir abaixo de 2
2024-12-03 17:49:20,707 - Aguardando carga reduzir abaixo de 2
2024-12-03 17:49:25,708 - Aguardando carga reduzir abaixo de 2
2024-12-03 17:49:30,708 - Aguardando carga reduzir abaixo de 2
2024-12-03 17:49:35,708 - Aguardando carga reduzir abaixo de 2
2024-12-03 17:49:40,708 - Aguardando carga reduzir abaixo de 2
2024-12-03 17:49:45,709 - Aguardando carga reduzir abaixo de 2
2024-12-03 17:49:50,709 - Aguardando carga reduzir abaixo de 2
2024-12-03 17:49:55,709 - Aguardando carga reduzir abaixo de 2
2024-12-03 17:50:00,709 - Aguardando carga reduzir abaixo de 2
2024-12-03 17:50:05,710 - Aguardando carga reduzir abaixo de 2
2024-12-03 17:50:10,710 - Aguardando carga reduzir abaixo de 2
2024-12-03 17:50:15,710 - Aguardando carga reduzir abaixo de 2
2024-12-03 17:50:20,710 - Aguardando carga reduzir abaixo de 2
2024-12-03 17:50:25,711 - Aguardando carga reduzir abaixo de 2
2024-12-03 17:50:30,711 - Aguardando carga reduzir abaixo de 2
2024-12-03 17:50:35,711 - Aguardando carga reduzir abaixo de 2
2024-12-03 17:50:40,711 - Aguardando carga reduzir abaixo de 2
2024-12-03 17:50:45,712 - Aguardando carga reduzir abaixo de 2
2024-12-03 17:50:50,712 - Aguardando carga reduzir abaixo de 2
2024-12-03 17:50:55,712 - Aguardando carga reduzir abaixo de 2
2024-12-03 17:51:00,712 - Aguardando carga reduzir abaixo de 2
2024-12-03 17:51:05,713 - Aguardando carga reduzir abaixo de 2
2024-12-03 17:51:10,713 - Aguardando carga reduzir abaixo de 2
2024-12-03 17:51:15,713 - Tentando reiniciar serviços
2024-12-03 17:51:17,828 - Comando executado: systemctl start lshttpd
2024-12-03 17:51:17,854 - Comando executado: systemctl restart ids.service
2024-12-03 17:51:22,854 - Falha ao reiniciar, tentativa 1
2024-12-03 17:51:22,855 - Tentando reiniciar serviços
2024-12-03 17:51:22,863 - Comando executado: systemctl start lshttpd
2024-12-03 17:51:22,876 - Comando executado: systemctl restart ids.service
2024-12-03 17:51:27,876 - Serviços reiniciados com sucesso
2024-12-04 14:23:34,428 - Alta carga detectada, iniciando contagem
2024-12-04 14:25:34,465 - Alta carga por 2 minutos, acionando proteção
2024-12-04 14:25:34,473 - Comando executado: killall lsphp
2024-12-04 14:25:34,925 - Comando executado: service lshttpd stop
2024-12-04 14:25:34,925 - Aguardando carga reduzir abaixo de 2
2024-12-04 14:25:39,925 - Aguardando carga reduzir abaixo de 2
2024-12-04 14:25:44,925 - Aguardando carga reduzir abaixo de 2
2024-12-04 14:25:49,926 - Aguardando carga reduzir abaixo de 2
2024-12-04 14:25:54,926 - Aguardando carga reduzir abaixo de 2
2024-12-04 14:25:59,926 - Aguardando carga reduzir abaixo de 2
2024-12-04 14:26:04,926 - Aguardando carga reduzir abaixo de 2
2024-12-04 14:26:09,927 - Aguardando carga reduzir abaixo de 2
2024-12-04 14:26:14,927 - Aguardando carga reduzir abaixo de 2
2024-12-04 14:26:19,927 - Aguardando carga reduzir abaixo de 2
2024-12-04 14:26:24,927 - Aguardando carga reduzir abaixo de 2
2024-12-04 14:26:29,927 - Aguardando carga reduzir abaixo de 2
2024-12-04 14:26:34,928 - Aguardando carga reduzir abaixo de 2
2024-12-04 14:26:39,928 - Aguardando carga reduzir abaixo de 2
2024-12-04 14:26:44,928 - Aguardando carga reduzir abaixo de 2
2024-12-04 14:26:49,928 - Aguardando carga reduzir abaixo de 2
2024-12-04 14:26:54,929 - Aguardando carga reduzir abaixo de 2
2024-12-04 14:26:59,929 - Aguardando carga reduzir abaixo de 2
2024-12-04 14:27:04,929 - Aguardando carga reduzir abaixo de 2
2024-12-04 14:27:09,929 - Aguardando carga reduzir abaixo de 2
2024-12-04 14:27:14,930 - Aguardando carga reduzir abaixo de 2
2024-12-04 14:27:19,930 - Aguardando carga reduzir abaixo de 2
2024-12-04 14:27:24,930 - Aguardando carga reduzir abaixo de 2
2024-12-04 14:27:29,930 - Aguardando carga reduzir abaixo de 2
2024-12-04 14:27:34,931 - Aguardando carga reduzir abaixo de 2
2024-12-04 14:27:39,931 - Aguardando carga reduzir abaixo de 2
2024-12-04 14:27:44,931 - Aguardando carga reduzir abaixo de 2
2024-12-04 14:27:49,931 - Aguardando carga reduzir abaixo de 2
2024-12-04 14:27:54,932 - Aguardando carga reduzir abaixo de 2
2024-12-04 14:27:59,932 - Aguardando carga reduzir abaixo de 2
2024-12-04 14:28:04,932 - Aguardando carga reduzir abaixo de 2
2024-12-04 14:28:09,932 - Aguardando carga reduzir abaixo de 2
2024-12-04 14:28:14,933 - Tentando reiniciar serviços
2024-12-04 14:28:17,075 - Comando executado: systemctl start lshttpd
2024-12-04 14:28:17,088 - Comando executado: systemctl restart ids.service
2024-12-04 14:28:22,088 - Serviços reiniciados com sucesso
2024-12-04 20:58:39,808 - Alta carga detectada, iniciando contagem
2024-12-04 20:59:23,837 - Alta carga detectada, iniciando contagem
2024-12-04 21:01:23,947 - Alta carga por 2 minutos, acionando proteção
2024-12-04 21:01:23,964 - Comando executado: killall lsphp
2024-12-04 21:01:25,519 - Comando executado: service lshttpd stop
2024-12-04 21:01:25,519 - Aguardando carga reduzir abaixo de 2
2024-12-04 21:01:30,519 - Aguardando carga reduzir abaixo de 2
2024-12-04 21:01:35,519 - Aguardando carga reduzir abaixo de 2
2024-12-04 21:01:40,519 - Aguardando carga reduzir abaixo de 2
2024-12-04 21:01:45,520 - Aguardando carga reduzir abaixo de 2
2024-12-04 21:01:50,520 - Aguardando carga reduzir abaixo de 2
2024-12-04 21:01:55,520 - Aguardando carga reduzir abaixo de 2
2024-12-04 21:02:00,520 - Aguardando carga reduzir abaixo de 2
2024-12-04 21:02:05,521 - Aguardando carga reduzir abaixo de 2
2024-12-04 21:02:10,521 - Aguardando carga reduzir abaixo de 2
2024-12-04 21:02:15,521 - Aguardando carga reduzir abaixo de 2
2024-12-04 21:02:20,521 - Aguardando carga reduzir abaixo de 2
2024-12-04 21:02:25,522 - Aguardando carga reduzir abaixo de 2
2024-12-04 21:02:30,522 - Aguardando carga reduzir abaixo de 2
2024-12-04 21:02:35,522 - Aguardando carga reduzir abaixo de 2
2024-12-04 21:02:40,522 - Aguardando carga reduzir abaixo de 2
2024-12-04 21:02:45,523 - Aguardando carga reduzir abaixo de 2
2024-12-04 21:02:50,523 - Aguardando carga reduzir abaixo de 2
2024-12-04 21:02:55,523 - Aguardando carga reduzir abaixo de 2
2024-12-04 21:03:00,523 - Aguardando carga reduzir abaixo de 2
2024-12-04 21:03:05,523 - Aguardando carga reduzir abaixo de 2
2024-12-04 21:03:10,524 - Aguardando carga reduzir abaixo de 2
2024-12-04 21:03:15,524 - Aguardando carga reduzir abaixo de 2
2024-12-04 21:03:20,524 - Aguardando carga reduzir abaixo de 2
2024-12-04 21:03:25,524 - Aguardando carga reduzir abaixo de 2
2024-12-04 21:03:30,525 - Aguardando carga reduzir abaixo de 2
2024-12-04 21:03:35,525 - Aguardando carga reduzir abaixo de 2
2024-12-04 21:03:40,525 - Aguardando carga reduzir abaixo de 2
2024-12-04 21:03:45,525 - Aguardando carga reduzir abaixo de 2
2024-12-04 21:03:50,526 - Aguardando carga reduzir abaixo de 2
2024-12-04 21:03:55,526 - Aguardando carga reduzir abaixo de 2
2024-12-04 21:04:00,526 - Aguardando carga reduzir abaixo de 2
2024-12-04 21:04:05,526 - Aguardando carga reduzir abaixo de 2
2024-12-04 21:04:10,527 - Tentando reiniciar serviços
2024-12-04 21:04:12,641 - Comando executado: systemctl start lshttpd
2024-12-04 21:04:12,671 - Comando executado: systemctl restart ids.service
2024-12-04 21:04:17,671 - Falha ao reiniciar, tentativa 1
2024-12-04 21:04:17,671 - Tentando reiniciar serviços
2024-12-04 21:04:17,679 - Comando executado: systemctl start lshttpd
2024-12-04 21:04:17,690 - Comando executado: systemctl restart ids.service
2024-12-04 21:04:22,690 - Serviços reiniciados com sucesso
2024-12-04 23:03:45,954 - Alta carga detectada, iniciando contagem
2024-12-04 23:05:46,211 - Alta carga por 2 minutos, acionando proteção
2024-12-04 23:05:46,218 - Comando executado: killall lsphp
2024-12-04 23:05:47,032 - Comando executado: service lshttpd stop
2024-12-04 23:05:47,032 - Aguardando carga reduzir abaixo de 2
2024-12-04 23:05:52,033 - Aguardando carga reduzir abaixo de 2
2024-12-04 23:05:57,033 - Aguardando carga reduzir abaixo de 2
2024-12-04 23:06:02,033 - Aguardando carga reduzir abaixo de 2
2024-12-04 23:06:07,034 - Aguardando carga reduzir abaixo de 2
2024-12-04 23:06:12,034 - Aguardando carga reduzir abaixo de 2
2024-12-04 23:06:17,034 - Aguardando carga reduzir abaixo de 2
2024-12-04 23:06:22,034 - Aguardando carga reduzir abaixo de 2
2024-12-04 23:06:27,035 - Aguardando carga reduzir abaixo de 2
2024-12-04 23:06:32,035 - Aguardando carga reduzir abaixo de 2
2024-12-04 23:06:37,035 - Aguardando carga reduzir abaixo de 2
2024-12-04 23:06:42,035 - Aguardando carga reduzir abaixo de 2
2024-12-04 23:06:47,036 - Aguardando carga reduzir abaixo de 2
2024-12-04 23:06:52,036 - Aguardando carga reduzir abaixo de 2
2024-12-04 23:06:57,036 - Aguardando carga reduzir abaixo de 2
2024-12-04 23:07:02,036 - Aguardando carga reduzir abaixo de 2
2024-12-04 23:07:07,036 - Aguardando carga reduzir abaixo de 2
2024-12-04 23:07:12,037 - Aguardando carga reduzir abaixo de 2
2024-12-04 23:07:17,037 - Aguardando carga reduzir abaixo de 2
2024-12-04 23:07:22,037 - Aguardando carga reduzir abaixo de 2
2024-12-04 23:07:27,037 - Aguardando carga reduzir abaixo de 2
2024-12-04 23:07:32,038 - Aguardando carga reduzir abaixo de 2
2024-12-04 23:07:37,038 - Aguardando carga reduzir abaixo de 2
2024-12-04 23:07:42,038 - Aguardando carga reduzir abaixo de 2
2024-12-04 23:07:47,038 - Aguardando carga reduzir abaixo de 2
2024-12-04 23:07:52,039 - Aguardando carga reduzir abaixo de 2
2024-12-04 23:07:57,039 - Aguardando carga reduzir abaixo de 2
2024-12-04 23:08:02,039 - Aguardando carga reduzir abaixo de 2
2024-12-04 23:08:07,039 - Aguardando carga reduzir abaixo de 2
2024-12-04 23:08:12,040 - Aguardando carga reduzir abaixo de 2
2024-12-04 23:08:17,040 - Tentando reiniciar serviços
2024-12-04 23:08:19,144 - Comando executado: systemctl start lshttpd
2024-12-04 23:08:19,156 - Comando executado: systemctl restart ids.service
2024-12-04 23:08:24,156 - Serviços reiniciados com sucesso
2024-12-05 01:12:51,409 - Alta carga detectada, iniciando contagem
2024-12-05 01:14:51,517 - Alta carga por 2 minutos, acionando proteção
2024-12-05 01:14:51,560 - Comando executado: killall lsphp
2024-12-05 01:14:52,159 - Comando executado: service lshttpd stop
2024-12-05 01:14:52,159 - Aguardando carga reduzir abaixo de 2
2024-12-05 01:14:57,159 - Aguardando carga reduzir abaixo de 2
2024-12-05 01:15:02,159 - Aguardando carga reduzir abaixo de 2
2024-12-05 01:15:07,160 - Aguardando carga reduzir abaixo de 2
2024-12-05 01:15:12,160 - Aguardando carga reduzir abaixo de 2
2024-12-05 01:15:17,160 - Aguardando carga reduzir abaixo de 2
2024-12-05 01:15:22,160 - Aguardando carga reduzir abaixo de 2
2024-12-05 01:15:27,161 - Aguardando carga reduzir abaixo de 2
2024-12-05 01:15:32,161 - Aguardando carga reduzir abaixo de 2
2024-12-05 01:15:37,161 - Aguardando carga reduzir abaixo de 2
2024-12-05 01:15:42,161 - Aguardando carga reduzir abaixo de 2
2024-12-05 01:15:47,162 - Aguardando carga reduzir abaixo de 2
2024-12-05 01:15:52,162 - Aguardando carga reduzir abaixo de 2
2024-12-05 01:15:57,162 - Aguardando carga reduzir abaixo de 2
2024-12-05 01:16:02,162 - Aguardando carga reduzir abaixo de 2
2024-12-05 01:16:07,163 - Aguardando carga reduzir abaixo de 2
2024-12-05 01:16:12,163 - Aguardando carga reduzir abaixo de 2
2024-12-05 01:16:17,163 - Aguardando carga reduzir abaixo de 2
2024-12-05 01:16:22,163 - Aguardando carga reduzir abaixo de 2
2024-12-05 01:16:27,164 - Aguardando carga reduzir abaixo de 2
2024-12-05 01:16:32,164 - Aguardando carga reduzir abaixo de 2
2024-12-05 01:16:37,164 - Aguardando carga reduzir abaixo de 2
2024-12-05 01:16:42,164 - Aguardando carga reduzir abaixo de 2
2024-12-05 01:16:47,165 - Aguardando carga reduzir abaixo de 2
2024-12-05 01:16:52,165 - Aguardando carga reduzir abaixo de 2
2024-12-05 01:16:57,165 - Aguardando carga reduzir abaixo de 2
2024-12-05 01:17:02,165 - Aguardando carga reduzir abaixo de 2
2024-12-05 01:17:07,166 - Tentando reiniciar serviços
2024-12-05 01:17:09,272 - Comando executado: systemctl start lshttpd
2024-12-05 01:17:09,284 - Comando executado: systemctl restart ids.service
2024-12-05 01:17:14,285 - Serviços reiniciados com sucesso
2024-12-05 16:12:58,147 - Alta carga detectada, iniciando contagem
2024-12-05 16:14:58,309 - Alta carga por 2 minutos, acionando proteção
2024-12-05 16:14:58,900 - Comando executado: killall lsphp
2024-12-05 16:15:00,054 - Comando executado: service lshttpd stop
2024-12-05 16:15:00,054 - Aguardando carga reduzir abaixo de 2
2024-12-05 16:15:05,054 - Aguardando carga reduzir abaixo de 2
2024-12-05 16:15:10,054 - Aguardando carga reduzir abaixo de 2
2024-12-05 16:15:15,055 - Aguardando carga reduzir abaixo de 2
2024-12-05 16:15:20,055 - Aguardando carga reduzir abaixo de 2
2024-12-05 16:15:25,055 - Aguardando carga reduzir abaixo de 2
2024-12-05 16:15:30,055 - Aguardando carga reduzir abaixo de 2
2024-12-05 16:15:35,056 - Aguardando carga reduzir abaixo de 2
2024-12-05 16:15:40,056 - Aguardando carga reduzir abaixo de 2
2024-12-05 16:15:45,056 - Aguardando carga reduzir abaixo de 2
2024-12-05 16:15:50,056 - Aguardando carga reduzir abaixo de 2
2024-12-05 16:15:55,057 - Aguardando carga reduzir abaixo de 2
2024-12-05 16:16:00,057 - Aguardando carga reduzir abaixo de 2
2024-12-05 16:16:05,057 - Aguardando carga reduzir abaixo de 2
2024-12-05 16:16:10,057 - Aguardando carga reduzir abaixo de 2
2024-12-05 16:16:15,058 - Aguardando carga reduzir abaixo de 2
2024-12-05 16:16:20,058 - Aguardando carga reduzir abaixo de 2
2024-12-05 16:16:25,058 - Aguardando carga reduzir abaixo de 2
2024-12-05 16:16:30,058 - Aguardando carga reduzir abaixo de 2
2024-12-05 16:16:35,059 - Aguardando carga reduzir abaixo de 2
2024-12-05 16:16:40,059 - Aguardando carga reduzir abaixo de 2
2024-12-05 16:16:45,059 - Aguardando carga reduzir abaixo de 2
2024-12-05 16:16:50,059 - Aguardando carga reduzir abaixo de 2
2024-12-05 16:16:55,060 - Aguardando carga reduzir abaixo de 2
2024-12-05 16:17:00,060 - Aguardando carga reduzir abaixo de 2
2024-12-05 16:17:05,060 - Aguardando carga reduzir abaixo de 2
2024-12-05 16:17:10,060 - Aguardando carga reduzir abaixo de 2
2024-12-05 16:17:15,061 - Aguardando carga reduzir abaixo de 2
2024-12-05 16:17:20,061 - Aguardando carga reduzir abaixo de 2
2024-12-05 16:17:25,061 - Aguardando carga reduzir abaixo de 2
2024-12-05 16:17:30,061 - Aguardando carga reduzir abaixo de 2
2024-12-05 16:17:35,062 - Tentando reiniciar serviços
2024-12-05 16:17:37,167 - Comando executado: systemctl start lshttpd
2024-12-05 16:17:37,181 - Comando executado: systemctl restart ids.service
2024-12-05 16:17:42,181 - Serviços reiniciados com sucesso
2024-12-05 22:10:06,916 - Alta carga detectada, iniciando contagem
2024-12-05 22:54:58,067 - Alta carga detectada, iniciando contagem
2024-12-06 12:14:07,684 - Alta carga detectada, iniciando contagem
2024-12-06 12:16:07,699 - Alta carga por 2 minutos, acionando proteção
2024-12-06 12:16:07,713 - Comando executado: killall lsphp
2024-12-06 12:16:07,816 - Comando executado: service lshttpd stop
2024-12-06 12:16:07,816 - Aguardando carga reduzir abaixo de 2
2024-12-06 12:16:12,816 - Aguardando carga reduzir abaixo de 2
2024-12-06 12:16:17,817 - Aguardando carga reduzir abaixo de 2
2024-12-06 12:16:22,817 - Aguardando carga reduzir abaixo de 2
2024-12-06 12:16:27,817 - Aguardando carga reduzir abaixo de 2
2024-12-06 12:16:32,817 - Aguardando carga reduzir abaixo de 2
2024-12-06 12:16:37,817 - Aguardando carga reduzir abaixo de 2
2024-12-06 12:16:42,818 - Aguardando carga reduzir abaixo de 2
2024-12-06 12:16:47,818 - Aguardando carga reduzir abaixo de 2
2024-12-06 12:16:52,818 - Aguardando carga reduzir abaixo de 2
2024-12-06 12:16:57,818 - Aguardando carga reduzir abaixo de 2
2024-12-06 12:17:02,819 - Aguardando carga reduzir abaixo de 2
2024-12-06 12:17:07,819 - Aguardando carga reduzir abaixo de 2
2024-12-06 12:17:12,819 - Aguardando carga reduzir abaixo de 2
2024-12-06 12:17:17,819 - Aguardando carga reduzir abaixo de 2
2024-12-06 12:17:22,820 - Aguardando carga reduzir abaixo de 2
2024-12-06 12:17:27,820 - Aguardando carga reduzir abaixo de 2
2024-12-06 12:17:32,820 - Aguardando carga reduzir abaixo de 2
2024-12-06 12:17:37,820 - Aguardando carga reduzir abaixo de 2
2024-12-06 12:17:42,821 - Aguardando carga reduzir abaixo de 2
2024-12-06 12:17:47,821 - Tentando reiniciar serviços
2024-12-06 12:17:49,927 - Comando executado: systemctl start lshttpd
2024-12-06 12:17:49,941 - Comando executado: systemctl restart ids.service
2024-12-06 12:17:54,941 - Serviços reiniciados com sucesso
2024-12-07 14:39:16,969 - Alta carga detectada, iniciando contagem
2024-12-09 00:35:40,051 - Alta carga detectada, iniciando contagem
2024-12-09 00:37:40,186 - Alta carga por 2 minutos, acionando proteção
2024-12-09 00:37:40,403 - Comando executado: killall lsphp
2024-12-09 00:37:42,501 - Comando executado: service lshttpd stop
2024-12-09 00:37:42,501 - Aguardando carga reduzir abaixo de 2
2024-12-09 00:37:47,501 - Aguardando carga reduzir abaixo de 2
2024-12-09 00:37:52,501 - Aguardando carga reduzir abaixo de 2
2024-12-09 00:37:57,502 - Aguardando carga reduzir abaixo de 2
2024-12-09 00:38:02,502 - Aguardando carga reduzir abaixo de 2
2024-12-09 00:38:07,502 - Aguardando carga reduzir abaixo de 2
2024-12-09 00:38:12,502 - Aguardando carga reduzir abaixo de 2
2024-12-09 00:38:17,503 - Aguardando carga reduzir abaixo de 2
2024-12-09 00:38:22,503 - Aguardando carga reduzir abaixo de 2
2024-12-09 00:38:27,503 - Aguardando carga reduzir abaixo de 2
2024-12-09 00:38:32,504 - Aguardando carga reduzir abaixo de 2
2024-12-09 00:38:37,504 - Aguardando carga reduzir abaixo de 2
2024-12-09 00:38:42,504 - Aguardando carga reduzir abaixo de 2
2024-12-09 00:38:47,504 - Aguardando carga reduzir abaixo de 2
2024-12-09 00:38:52,505 - Aguardando carga reduzir abaixo de 2
2024-12-09 00:38:57,505 - Aguardando carga reduzir abaixo de 2
2024-12-09 00:39:02,505 - Aguardando carga reduzir abaixo de 2
2024-12-09 00:39:07,505 - Aguardando carga reduzir abaixo de 2
2024-12-09 00:39:12,506 - Aguardando carga reduzir abaixo de 2
2024-12-09 00:39:17,506 - Aguardando carga reduzir abaixo de 2
2024-12-09 00:39:22,506 - Aguardando carga reduzir abaixo de 2
2024-12-09 00:39:27,507 - Aguardando carga reduzir abaixo de 2
2024-12-09 00:39:32,507 - Aguardando carga reduzir abaixo de 2
2024-12-09 00:39:37,507 - Aguardando carga reduzir abaixo de 2
2024-12-09 00:39:42,507 - Aguardando carga reduzir abaixo de 2
2024-12-09 00:39:47,508 - Aguardando carga reduzir abaixo de 2
2024-12-09 00:39:52,508 - Aguardando carga reduzir abaixo de 2
2024-12-09 00:39:57,508 - Aguardando carga reduzir abaixo de 2
2024-12-09 00:40:02,508 - Aguardando carga reduzir abaixo de 2
2024-12-09 00:40:07,509 - Aguardando carga reduzir abaixo de 2
2024-12-09 00:40:12,509 - Aguardando carga reduzir abaixo de 2
2024-12-09 00:40:17,509 - Aguardando carga reduzir abaixo de 2
2024-12-09 00:40:22,510 - Tentando reiniciar serviços
2024-12-09 00:40:24,623 - Comando executado: systemctl start lshttpd
2024-12-09 00:40:24,637 - Comando executado: systemctl restart ids.service
2024-12-09 00:40:29,637 - Serviços reiniciados com sucesso
2024-12-09 17:21:58,358 - Alta carga detectada, iniciando contagem
2024-12-09 17:23:58,374 - Alta carga por 2 minutos, acionando proteção
2024-12-09 17:23:58,438 - Comando executado: killall lsphp
2024-12-09 17:23:58,740 - Comando executado: service lshttpd stop
2024-12-09 17:23:58,740 - Aguardando carga reduzir abaixo de 2
2024-12-09 17:24:03,740 - Aguardando carga reduzir abaixo de 2
2024-12-09 17:24:08,740 - Aguardando carga reduzir abaixo de 2
2024-12-09 17:24:13,741 - Aguardando carga reduzir abaixo de 2
2024-12-09 17:24:18,741 - Aguardando carga reduzir abaixo de 2
2024-12-09 17:24:23,741 - Aguardando carga reduzir abaixo de 2
2024-12-09 17:24:28,742 - Aguardando carga reduzir abaixo de 2
2024-12-09 17:24:33,742 - Aguardando carga reduzir abaixo de 2
2024-12-09 17:24:38,742 - Aguardando carga reduzir abaixo de 2
2024-12-09 17:24:43,742 - Aguardando carga reduzir abaixo de 2
2024-12-09 17:24:48,743 - Aguardando carga reduzir abaixo de 2
2024-12-09 17:24:53,743 - Aguardando carga reduzir abaixo de 2
2024-12-09 17:24:58,743 - Aguardando carga reduzir abaixo de 2
2024-12-09 17:25:03,743 - Aguardando carga reduzir abaixo de 2
2024-12-09 17:25:08,744 - Aguardando carga reduzir abaixo de 2
2024-12-09 17:25:13,744 - Aguardando carga reduzir abaixo de 2
2024-12-09 17:25:18,744 - Aguardando carga reduzir abaixo de 2
2024-12-09 17:25:23,745 - Aguardando carga reduzir abaixo de 2
2024-12-09 17:25:28,745 - Aguardando carga reduzir abaixo de 2
2024-12-09 17:25:33,745 - Aguardando carga reduzir abaixo de 2
2024-12-09 17:25:38,745 - Aguardando carga reduzir abaixo de 2
2024-12-09 17:25:43,746 - Aguardando carga reduzir abaixo de 2
2024-12-09 17:25:48,746 - Aguardando carga reduzir abaixo de 2
2024-12-09 17:25:53,746 - Aguardando carga reduzir abaixo de 2
2024-12-09 17:25:58,746 - Aguardando carga reduzir abaixo de 2
2024-12-09 17:26:03,747 - Aguardando carga reduzir abaixo de 2
2024-12-09 17:26:08,747 - Aguardando carga reduzir abaixo de 2
2024-12-09 17:26:13,747 - Aguardando carga reduzir abaixo de 2
2024-12-09 17:26:18,747 - Aguardando carga reduzir abaixo de 2
2024-12-09 17:26:23,748 - Aguardando carga reduzir abaixo de 2
2024-12-09 17:26:28,748 - Aguardando carga reduzir abaixo de 2
2024-12-09 17:26:33,748 - Aguardando carga reduzir abaixo de 2
2024-12-09 17:26:38,748 - Aguardando carga reduzir abaixo de 2
2024-12-09 17:26:43,749 - Aguardando carga reduzir abaixo de 2
2024-12-09 17:26:48,749 - Tentando reiniciar serviços
2024-12-09 17:26:51,965 - Comando executado: systemctl start lshttpd
2024-12-09 17:26:52,015 - Comando executado: systemctl restart ids.service
2024-12-09 17:26:57,015 - Falha ao reiniciar, tentativa 1
2024-12-09 17:26:57,015 - Tentando reiniciar serviços
2024-12-09 17:26:57,024 - Comando executado: systemctl start lshttpd
2024-12-09 17:26:57,041 - Comando executado: systemctl restart ids.service
2024-12-09 17:27:02,041 - Falha ao reiniciar, tentativa 2
2024-12-09 17:27:02,041 - Tentando reiniciar serviços
2024-12-09 17:27:02,050 - Comando executado: systemctl start lshttpd
2024-12-09 17:27:02,062 - Comando executado: systemctl restart ids.service
2024-12-09 17:27:07,062 - Falha ao reiniciar, tentativa 3
2024-12-09 17:27:07,063 - Falha ao estabilizar serviços após múltiplas tentativas
2024-12-10 00:37:33,197 - Alta carga detectada, iniciando contagem
2024-12-10 00:39:33,286 - Alta carga por 2 minutos, acionando proteção
2024-12-10 00:39:33,404 - Comando executado: killall lsphp
2024-12-10 00:39:34,978 - Comando executado: service lshttpd stop
2024-12-10 00:39:34,978 - Aguardando carga reduzir abaixo de 2
2024-12-10 00:39:39,978 - Aguardando carga reduzir abaixo de 2
2024-12-10 00:39:44,978 - Aguardando carga reduzir abaixo de 2
2024-12-10 00:39:49,979 - Aguardando carga reduzir abaixo de 2
2024-12-10 00:39:54,979 - Aguardando carga reduzir abaixo de 2
2024-12-10 00:39:59,979 - Aguardando carga reduzir abaixo de 2
2024-12-10 00:40:04,980 - Aguardando carga reduzir abaixo de 2
2024-12-10 00:40:09,980 - Aguardando carga reduzir abaixo de 2
2024-12-10 00:40:14,980 - Aguardando carga reduzir abaixo de 2
2024-12-10 00:40:19,981 - Aguardando carga reduzir abaixo de 2
2024-12-10 00:40:24,981 - Aguardando carga reduzir abaixo de 2
2024-12-10 00:40:29,981 - Aguardando carga reduzir abaixo de 2
2024-12-10 00:40:34,981 - Aguardando carga reduzir abaixo de 2
2024-12-10 00:40:39,982 - Aguardando carga reduzir abaixo de 2
2024-12-10 00:40:44,982 - Aguardando carga reduzir abaixo de 2
2024-12-10 00:40:49,982 - Aguardando carga reduzir abaixo de 2
2024-12-10 00:40:54,982 - Aguardando carga reduzir abaixo de 2
2024-12-10 00:40:59,983 - Aguardando carga reduzir abaixo de 2
2024-12-10 00:41:04,983 - Aguardando carga reduzir abaixo de 2
2024-12-10 00:41:09,983 - Aguardando carga reduzir abaixo de 2
2024-12-10 00:41:14,984 - Aguardando carga reduzir abaixo de 2
2024-12-10 00:41:19,984 - Aguardando carga reduzir abaixo de 2
2024-12-10 00:41:24,984 - Aguardando carga reduzir abaixo de 2
2024-12-10 00:41:29,984 - Aguardando carga reduzir abaixo de 2
2024-12-10 00:41:34,985 - Aguardando carga reduzir abaixo de 2
2024-12-10 00:41:39,985 - Aguardando carga reduzir abaixo de 2
2024-12-10 00:41:44,985 - Aguardando carga reduzir abaixo de 2
2024-12-10 00:41:49,985 - Aguardando carga reduzir abaixo de 2
2024-12-10 00:41:54,986 - Aguardando carga reduzir abaixo de 2
2024-12-10 00:41:59,986 - Aguardando carga reduzir abaixo de 2
2024-12-10 00:42:04,986 - Aguardando carga reduzir abaixo de 2
2024-12-10 00:42:09,987 - Tentando reiniciar serviços
2024-12-10 00:42:12,098 - Comando executado: systemctl start lshttpd
2024-12-10 00:42:12,111 - Comando executado: systemctl restart ids.service
2024-12-10 00:42:17,111 - Serviços reiniciados com sucesso
2024-12-10 03:23:00,508 - Alta carga detectada, iniciando contagem
